<?xml version="1.0" encoding="UTF-8"?>
<!-- Generated by org.testng.reporters.JUnitXMLReporter -->
<testsuite ignored="0" hostname="VIJAY" failures="0" tests="3" name="LoginPage Test" time="23.878" errors="0" timestamp="2025-02-26T21:35:21 IST">
  <testcase classname="com.qa.orangehrm.PageTest.vjLoginPageTest" name="checkloginTitle" time="0.061"/>
  <testcase classname="com.qa.orangehrm.PageTest.vjLoginPageTest" name="checkloginurl" time="0.053"/>
  <testcase classname="com.qa.orangehrm.PageTest.vjLoginPageTest" name="userlogin" time="1.288"/>
</testsuite> <!-- LoginPage Test -->
