<?xml version="1.0" encoding="UTF-8"?>
<!-- Generated by org.testng.reporters.JUnitXMLReporter -->
<testsuite ignored="0" hostname="VIJAY" failures="0" tests="3" name="productingfo test" time="5.908" errors="0" timestamp="2025-05-17T17:07:11 IST">
  <testcase classname="com.qa.orangehrm.PageTest.vjproductinforpageTest" name="productSearchHeaderTest" time="0.0">
    <skipped/>
  </testcase> <!-- productSearchHeaderTest -->
  <testcase classname="com.qa.orangehrm.PageTest.vjproductinforpageTest" name="checktitle" time="0.0">
    <skipped/>
  </testcase> <!-- checktitle -->
  <testcase classname="com.qa.orangehrm.PageTest.vjproductinforpageTest" name="logout" time="0.0">
    <skipped/>
  </testcase> <!-- logout -->
</testsuite> <!-- productingfo test -->
